<?xml version="1.0" encoding="UTF-8"?>
<!-- Generated by org.testng.reporters.JUnitReportReporter -->
<testsuite hostname="HSPUNELP122" failures="0" tests="1" name="com.Epicon.TestCases.Epicon_TC01_Login" time="2.845" errors="0" timestamp="2025-01-19T20:28:53 IST" skipped="0">
  <testcase classname="com.Epicon.TestCases.Epicon_TC01_Login" name="login" time="2.845"/>
</testsuite> <!-- com.Epicon.TestCases.Epicon_TC01_Login -->
