<?xml version="1.0" encoding="UTF-8"?>
<!-- Generated by org.testng.reporters.JUnitReportReporter -->
<testsuite hostname="HSPUNELP122" failures="0" tests="1" name="com.Epicon.PageObject.LoginEpic" time="19.373" errors="0" timestamp="2025-01-23T18:39:11 IST" skipped="0">
  <testcase classname="com.Epicon.PageObject.LoginEpic" name="test" time="19.373"/>
</testsuite> <!-- com.Epicon.PageObject.LoginEpic -->
