<?xml version="1.0" encoding="UTF-8"?>
<!-- Generated by org.testng.reporters.JUnitReportReporter -->
<testsuite hostname="HSPUNELP122" failures="0" tests="1" name="com.Epicon.TestCases.Epicon_TC01_Login" time="4.029" errors="0" timestamp="2025-04-28T18:18:31 IST" skipped="0">
  <testcase classname="com.Epicon.TestCases.Epicon_TC01_Login" name="login" time="4.029"/>
</testsuite> <!-- com.Epicon.TestCases.Epicon_TC01_Login -->
