<?xml version="1.0" encoding="UTF-8"?>
<!-- Generated by org.testng.reporters.JUnitReportReporter -->
<testsuite hostname="HSPUNELP122" failures="0" tests="1" name="com.Epicon.TestCases.Epicon_TC01_Login" time="1.822" errors="0" timestamp="2025-01-17T18:14:16 IST" skipped="0">
  <testcase classname="com.Epicon.TestCases.Epicon_TC01_Login" name="login" time="1.822"/>
</testsuite> <!-- com.Epicon.TestCases.Epicon_TC01_Login -->
